16:18:31,642 INFO  CounterRunnable:15 - Runnable Thread-0 has started
16:18:31,645 INFO  CounterThread:16 - Thread Thread-1 has started
16:18:31,673 INFO  CounterThread:19 - Thread Thread-1 - 0
16:18:31,673 INFO  CounterThread:19 - Thread Thread-1 - 1
16:18:31,674 INFO  CounterThread:19 - Thread Thread-1 - 2
16:18:31,676 INFO  CounterThread:19 - Thread Thread-1 - 3
16:18:31,676 INFO  CounterThread:19 - Thread Thread-1 - 4
16:18:31,677 INFO  CounterThread:19 - Thread Thread-1 - 5
16:18:31,676 INFO  CounterRunnable:18 - Runnable Thread-0 - 0
16:18:31,681 INFO  CounterThread:19 - Thread Thread-1 - 6
16:18:31,682 INFO  CounterRunnable:18 - Runnable Thread-0 - 1
16:18:31,684 INFO  CounterRunnable:18 - Runnable Thread-0 - 2
16:18:31,684 INFO  CounterRunnable:18 - Runnable Thread-0 - 3
16:18:31,685 INFO  CounterRunnable:18 - Runnable Thread-0 - 4
16:18:31,685 INFO  CounterRunnable:18 - Runnable Thread-0 - 5
16:18:31,685 INFO  CounterRunnable:18 - Runnable Thread-0 - 6
16:18:31,690 INFO  CounterRunnable:18 - Runnable Thread-0 - 7
16:18:31,690 INFO  CounterRunnable:18 - Runnable Thread-0 - 8
16:18:31,691 INFO  CounterRunnable:18 - Runnable Thread-0 - 9
16:18:31,692 INFO  CounterRunnable:18 - Runnable Thread-0 - 10
16:18:31,683 INFO  CounterThread:19 - Thread Thread-1 - 7
16:18:31,692 INFO  CounterThread:19 - Thread Thread-1 - 8
16:18:31,693 INFO  CounterThread:19 - Thread Thread-1 - 9
16:18:31,693 INFO  CounterThread:19 - Thread Thread-1 - 10
16:18:31,692 INFO  CounterRunnable:18 - Runnable Thread-0 - 11
16:18:31,695 INFO  CounterRunnable:18 - Runnable Thread-0 - 12
16:18:31,695 INFO  CounterThread:19 - Thread Thread-1 - 11
16:18:31,695 INFO  CounterRunnable:18 - Runnable Thread-0 - 13
16:18:31,696 INFO  CounterRunnable:18 - Runnable Thread-0 - 14
16:18:31,696 INFO  CounterRunnable:18 - Runnable Thread-0 - 15
16:18:31,696 INFO  CounterRunnable:18 - Runnable Thread-0 - 16
16:18:31,697 INFO  CounterRunnable:18 - Runnable Thread-0 - 17
16:18:31,700 INFO  CounterRunnable:18 - Runnable Thread-0 - 18
16:18:31,702 INFO  CounterRunnable:18 - Runnable Thread-0 - 19
16:18:31,702 INFO  CounterRunnable:18 - Runnable Thread-0 - 20
16:18:31,703 INFO  CounterRunnable:18 - Runnable Thread-0 - 21
16:18:31,704 INFO  CounterRunnable:18 - Runnable Thread-0 - 22
16:18:31,696 INFO  CounterThread:19 - Thread Thread-1 - 12
16:18:31,706 INFO  CounterThread:19 - Thread Thread-1 - 13
16:18:31,707 INFO  CounterThread:19 - Thread Thread-1 - 14
16:18:31,707 INFO  CounterThread:19 - Thread Thread-1 - 15
16:18:31,707 INFO  CounterThread:19 - Thread Thread-1 - 16
16:18:31,706 INFO  CounterRunnable:18 - Runnable Thread-0 - 23
16:18:31,708 INFO  CounterRunnable:18 - Runnable Thread-0 - 24
16:18:31,708 INFO  CounterThread:19 - Thread Thread-1 - 17
16:18:31,709 INFO  CounterThread:19 - Thread Thread-1 - 18
16:18:31,708 INFO  CounterRunnable:18 - Runnable Thread-0 - 25
16:18:31,709 INFO  CounterRunnable:18 - Runnable Thread-0 - 26
16:18:31,709 INFO  CounterRunnable:18 - Runnable Thread-0 - 27
16:18:31,710 INFO  CounterRunnable:18 - Runnable Thread-0 - 28
16:18:31,711 INFO  CounterRunnable:18 - Runnable Thread-0 - 29
16:18:31,711 INFO  CounterRunnable:18 - Runnable Thread-0 - 30
16:18:31,709 INFO  CounterThread:19 - Thread Thread-1 - 19
16:18:31,712 INFO  CounterThread:19 - Thread Thread-1 - 20
16:18:31,713 INFO  CounterThread:19 - Thread Thread-1 - 21
16:18:31,713 INFO  CounterThread:19 - Thread Thread-1 - 22
16:18:31,714 INFO  CounterThread:19 - Thread Thread-1 - 23
16:18:31,715 INFO  CounterThread:19 - Thread Thread-1 - 24
16:18:31,716 INFO  CounterThread:19 - Thread Thread-1 - 25
16:18:31,717 INFO  CounterThread:19 - Thread Thread-1 - 26
16:18:31,718 INFO  CounterThread:19 - Thread Thread-1 - 27
16:18:31,719 INFO  CounterThread:19 - Thread Thread-1 - 28
16:18:31,719 INFO  CounterThread:19 - Thread Thread-1 - 29
16:18:31,723 INFO  CounterThread:19 - Thread Thread-1 - 30
16:18:31,715 INFO  CounterRunnable:18 - Runnable Thread-0 - 31
16:18:31,726 INFO  CounterRunnable:18 - Runnable Thread-0 - 32
16:18:31,727 INFO  CounterRunnable:18 - Runnable Thread-0 - 33
16:18:31,727 INFO  CounterRunnable:18 - Runnable Thread-0 - 34
16:18:31,728 INFO  CounterRunnable:18 - Runnable Thread-0 - 35
16:18:31,728 INFO  CounterRunnable:18 - Runnable Thread-0 - 36
16:18:31,729 INFO  CounterRunnable:18 - Runnable Thread-0 - 37
16:18:31,730 INFO  CounterRunnable:18 - Runnable Thread-0 - 38
16:18:31,730 INFO  CounterRunnable:18 - Runnable Thread-0 - 39
16:18:31,732 INFO  CounterRunnable:18 - Runnable Thread-0 - 40
16:18:31,733 INFO  CounterRunnable:18 - Runnable Thread-0 - 41
16:18:31,733 INFO  CounterRunnable:18 - Runnable Thread-0 - 42
16:18:31,733 INFO  CounterRunnable:18 - Runnable Thread-0 - 43
16:18:31,734 INFO  CounterRunnable:18 - Runnable Thread-0 - 44
16:18:31,734 INFO  CounterRunnable:18 - Runnable Thread-0 - 45
16:18:31,735 INFO  CounterRunnable:18 - Runnable Thread-0 - 46
16:18:31,735 INFO  CounterRunnable:18 - Runnable Thread-0 - 47
16:18:31,736 INFO  CounterRunnable:18 - Runnable Thread-0 - 48
16:18:31,736 INFO  CounterThread:19 - Thread Thread-1 - 31
16:18:31,736 INFO  CounterThread:19 - Thread Thread-1 - 32
16:18:31,737 INFO  CounterThread:19 - Thread Thread-1 - 33
16:18:31,737 INFO  CounterThread:19 - Thread Thread-1 - 34
16:18:31,738 INFO  CounterThread:19 - Thread Thread-1 - 35
16:18:31,739 INFO  CounterThread:19 - Thread Thread-1 - 36
16:18:31,739 INFO  CounterThread:19 - Thread Thread-1 - 37
16:18:31,739 INFO  CounterThread:19 - Thread Thread-1 - 38
16:18:31,739 INFO  CounterThread:19 - Thread Thread-1 - 39
16:18:31,740 INFO  CounterThread:19 - Thread Thread-1 - 40
16:18:31,740 INFO  CounterThread:19 - Thread Thread-1 - 41
16:18:31,740 INFO  CounterThread:19 - Thread Thread-1 - 42
16:18:31,740 INFO  CounterThread:19 - Thread Thread-1 - 43
16:18:31,740 INFO  CounterThread:19 - Thread Thread-1 - 44
16:18:31,740 INFO  CounterThread:19 - Thread Thread-1 - 45
16:18:31,741 INFO  CounterThread:19 - Thread Thread-1 - 46
16:18:31,741 INFO  CounterThread:19 - Thread Thread-1 - 47
16:18:31,741 INFO  CounterThread:19 - Thread Thread-1 - 48
16:18:31,741 INFO  CounterThread:19 - Thread Thread-1 - 49
16:18:31,742 INFO  CounterThread:19 - Thread Thread-1 - 50
16:18:31,742 INFO  CounterThread:19 - Thread Thread-1 - 51
16:18:31,742 INFO  CounterThread:19 - Thread Thread-1 - 52
16:18:31,742 INFO  CounterThread:19 - Thread Thread-1 - 53
16:18:31,742 INFO  CounterThread:19 - Thread Thread-1 - 54
16:18:31,743 INFO  CounterThread:19 - Thread Thread-1 - 55
16:18:31,743 INFO  CounterThread:19 - Thread Thread-1 - 56
16:18:31,743 INFO  CounterThread:19 - Thread Thread-1 - 57
16:18:31,743 INFO  CounterThread:19 - Thread Thread-1 - 58
16:18:31,743 INFO  CounterThread:19 - Thread Thread-1 - 59
16:18:31,743 INFO  CounterThread:19 - Thread Thread-1 - 60
16:18:31,743 INFO  CounterThread:19 - Thread Thread-1 - 61
16:18:31,743 INFO  CounterThread:19 - Thread Thread-1 - 62
16:18:31,743 INFO  CounterThread:19 - Thread Thread-1 - 63
16:18:31,744 INFO  CounterThread:19 - Thread Thread-1 - 64
16:18:31,744 INFO  CounterThread:19 - Thread Thread-1 - 65
16:18:31,744 INFO  CounterThread:19 - Thread Thread-1 - 66
16:18:31,744 INFO  CounterThread:19 - Thread Thread-1 - 67
16:18:31,744 INFO  CounterThread:19 - Thread Thread-1 - 68
16:18:31,745 INFO  CounterThread:19 - Thread Thread-1 - 69
16:18:31,745 INFO  CounterThread:19 - Thread Thread-1 - 70
16:18:31,745 INFO  CounterThread:19 - Thread Thread-1 - 71
16:18:31,745 INFO  CounterThread:19 - Thread Thread-1 - 72
16:18:31,745 INFO  CounterThread:19 - Thread Thread-1 - 73
16:18:31,745 INFO  CounterThread:19 - Thread Thread-1 - 74
16:18:31,746 INFO  CounterThread:19 - Thread Thread-1 - 75
16:18:31,746 INFO  CounterThread:19 - Thread Thread-1 - 76
16:18:31,746 INFO  CounterThread:19 - Thread Thread-1 - 77
16:18:31,746 INFO  CounterThread:19 - Thread Thread-1 - 78
16:18:31,746 INFO  CounterThread:19 - Thread Thread-1 - 79
16:18:31,746 INFO  CounterThread:19 - Thread Thread-1 - 80
16:18:31,746 INFO  CounterThread:19 - Thread Thread-1 - 81
16:18:31,747 INFO  CounterThread:19 - Thread Thread-1 - 82
16:18:31,747 INFO  CounterThread:19 - Thread Thread-1 - 83
16:18:31,747 INFO  CounterThread:19 - Thread Thread-1 - 84
16:18:31,747 INFO  CounterThread:19 - Thread Thread-1 - 85
16:18:31,736 INFO  CounterRunnable:18 - Runnable Thread-0 - 49
16:18:31,747 INFO  CounterThread:19 - Thread Thread-1 - 86
16:18:31,748 INFO  CounterRunnable:18 - Runnable Thread-0 - 50
16:18:31,748 INFO  CounterRunnable:18 - Runnable Thread-0 - 51
16:18:31,748 INFO  CounterThread:19 - Thread Thread-1 - 87
16:18:31,748 INFO  CounterRunnable:18 - Runnable Thread-0 - 52
16:18:31,748 INFO  CounterThread:19 - Thread Thread-1 - 88
16:18:31,748 INFO  CounterThread:19 - Thread Thread-1 - 89
16:18:31,749 INFO  CounterThread:19 - Thread Thread-1 - 90
16:18:31,749 INFO  CounterThread:19 - Thread Thread-1 - 91
16:18:31,748 INFO  CounterRunnable:18 - Runnable Thread-0 - 53
16:18:31,749 INFO  CounterThread:19 - Thread Thread-1 - 92
16:18:31,749 INFO  CounterRunnable:18 - Runnable Thread-0 - 54
16:18:31,749 INFO  CounterRunnable:18 - Runnable Thread-0 - 55
16:18:31,749 INFO  CounterThread:19 - Thread Thread-1 - 93
16:18:31,750 INFO  CounterRunnable:18 - Runnable Thread-0 - 56
16:18:31,750 INFO  CounterRunnable:18 - Runnable Thread-0 - 57
16:18:31,751 INFO  CounterRunnable:18 - Runnable Thread-0 - 58
16:18:31,751 INFO  CounterRunnable:18 - Runnable Thread-0 - 59
16:18:31,751 INFO  CounterRunnable:18 - Runnable Thread-0 - 60
16:18:31,751 INFO  CounterRunnable:18 - Runnable Thread-0 - 61
16:18:31,752 INFO  CounterRunnable:18 - Runnable Thread-0 - 62
16:18:31,752 INFO  CounterRunnable:18 - Runnable Thread-0 - 63
16:18:31,752 INFO  CounterRunnable:18 - Runnable Thread-0 - 64
16:18:31,752 INFO  CounterRunnable:18 - Runnable Thread-0 - 65
16:18:31,752 INFO  CounterRunnable:18 - Runnable Thread-0 - 66
16:18:31,752 INFO  CounterRunnable:18 - Runnable Thread-0 - 67
16:18:31,753 INFO  CounterRunnable:18 - Runnable Thread-0 - 68
16:18:31,753 INFO  CounterRunnable:18 - Runnable Thread-0 - 69
16:18:31,753 INFO  CounterRunnable:18 - Runnable Thread-0 - 70
16:18:31,753 INFO  CounterRunnable:18 - Runnable Thread-0 - 71
16:18:31,754 INFO  CounterRunnable:18 - Runnable Thread-0 - 72
16:18:31,754 INFO  CounterRunnable:18 - Runnable Thread-0 - 73
16:18:31,754 INFO  CounterRunnable:18 - Runnable Thread-0 - 74
16:18:31,755 INFO  CounterRunnable:18 - Runnable Thread-0 - 75
16:18:31,755 INFO  CounterRunnable:18 - Runnable Thread-0 - 76
16:18:31,755 INFO  CounterRunnable:18 - Runnable Thread-0 - 77
16:18:31,755 INFO  CounterRunnable:18 - Runnable Thread-0 - 78
16:18:31,755 INFO  CounterRunnable:18 - Runnable Thread-0 - 79
16:18:31,755 INFO  CounterRunnable:18 - Runnable Thread-0 - 80
16:18:31,756 INFO  CounterRunnable:18 - Runnable Thread-0 - 81
16:18:31,756 INFO  CounterRunnable:18 - Runnable Thread-0 - 82
16:18:31,750 INFO  CounterThread:19 - Thread Thread-1 - 94
16:18:31,756 INFO  CounterRunnable:18 - Runnable Thread-0 - 83
16:18:31,756 INFO  CounterRunnable:18 - Runnable Thread-0 - 84
16:18:31,756 INFO  CounterRunnable:18 - Runnable Thread-0 - 85
16:18:31,756 INFO  CounterRunnable:18 - Runnable Thread-0 - 86
16:18:31,756 INFO  CounterThread:19 - Thread Thread-1 - 95
16:18:31,756 INFO  CounterRunnable:18 - Runnable Thread-0 - 87
16:18:31,757 INFO  CounterThread:19 - Thread Thread-1 - 96
16:18:31,757 INFO  CounterRunnable:18 - Runnable Thread-0 - 88
16:18:31,757 INFO  CounterThread:19 - Thread Thread-1 - 97
16:18:31,757 INFO  CounterThread:19 - Thread Thread-1 - 98
16:18:31,757 INFO  CounterRunnable:18 - Runnable Thread-0 - 89
16:18:31,757 INFO  CounterRunnable:18 - Runnable Thread-0 - 90
16:18:31,757 INFO  CounterThread:19 - Thread Thread-1 - 99
16:18:31,758 INFO  CounterThread:22 - Thread Thread-1 has stopped
16:18:31,757 INFO  CounterRunnable:18 - Runnable Thread-0 - 91
16:18:31,758 INFO  CounterRunnable:18 - Runnable Thread-0 - 92
16:18:31,758 INFO  CounterRunnable:18 - Runnable Thread-0 - 93
16:18:31,758 INFO  CounterRunnable:18 - Runnable Thread-0 - 94
16:18:31,759 INFO  CounterRunnable:18 - Runnable Thread-0 - 95
16:18:31,759 INFO  CounterRunnable:18 - Runnable Thread-0 - 96
16:18:31,759 INFO  CounterRunnable:18 - Runnable Thread-0 - 97
16:18:31,759 INFO  CounterRunnable:18 - Runnable Thread-0 - 98
16:18:31,759 INFO  CounterRunnable:18 - Runnable Thread-0 - 99
16:18:31,759 INFO  CounterRunnable:21 - Runnable Thread-0 has stopped
